  [1m[36m (8.7ms)[0m  [1mCREATE TABLE "schema_migrations" ("version" varchar NOT NULL) [0m
  [1m[35m (0.1ms)[0m  select sqlite_version(*)
  [1m[36m (6.2ms)[0m  [1mCREATE UNIQUE INDEX "unique_schema_migrations" ON "schema_migrations" ("version")[0m
  [1m[35mActiveRecord::SchemaMigration Load (0.1ms)[0m  SELECT "schema_migrations".* FROM "schema_migrations"
Migrating to CreateMovies (20111119180638)
  [1m[36m (0.1ms)[0m  [1mbegin transaction[0m
DEPRECATION WARNING: `#timestamps` was called without specifying an option for `null`. In Rails 5, this behavior will change to `null: false`. You should manually specify `null: true` to prevent the behavior of your existing migrations from changing. (called from block in up at /home/ec2-user/environment/hw-acceptance-unit-test-cycle/rottenpotatoes/db/migrate/20111119180638_create_movies.rb:10)
  [1m[35m (0.3ms)[0m  CREATE TABLE "movies" ("id" INTEGER PRIMARY KEY AUTOINCREMENT NOT NULL, "title" varchar, "rating" varchar, "description" text, "release_date" datetime, "created_at" datetime, "updated_at" datetime) 
  [1m[36mSQL (0.1ms)[0m  [1mINSERT INTO "schema_migrations" ("version") VALUES (?)[0m  [["version", "20111119180638"]]
  [1m[35m (5.1ms)[0m  commit transaction
  [1m[36mActiveRecord::SchemaMigration Load (0.1ms)[0m  [1mSELECT "schema_migrations".* FROM "schema_migrations"[0m
  [1m[36m (5.1ms)[0m  [1mCREATE TABLE "movies" ("id" INTEGER PRIMARY KEY AUTOINCREMENT NOT NULL, "title" varchar, "rating" varchar, "description" text, "release_date" datetime, "created_at" datetime, "updated_at" datetime) [0m
  [1m[35m (4.1ms)[0m  CREATE TABLE "schema_migrations" ("version" varchar NOT NULL) 
  [1m[36m (0.1ms)[0m  [1mselect sqlite_version(*)[0m
  [1m[35m (4.3ms)[0m  CREATE UNIQUE INDEX "unique_schema_migrations" ON "schema_migrations" ("version")
  [1m[36m (0.1ms)[0m  [1mSELECT version FROM "schema_migrations"[0m
  [1m[35m (4.3ms)[0m  INSERT INTO "schema_migrations" (version) VALUES ('20111119180638')
  [1m[36m (5.9ms)[0m  [1mCREATE TABLE "movies" ("id" INTEGER PRIMARY KEY AUTOINCREMENT NOT NULL, "title" varchar, "rating" varchar, "description" text, "release_date" datetime, "created_at" datetime, "updated_at" datetime) [0m
  [1m[35m (6.2ms)[0m  CREATE TABLE "schema_migrations" ("version" varchar NOT NULL) 
  [1m[36m (0.1ms)[0m  [1mselect sqlite_version(*)[0m
  [1m[35m (5.8ms)[0m  CREATE UNIQUE INDEX "unique_schema_migrations" ON "schema_migrations" ("version")
  [1m[36m (0.1ms)[0m  [1mSELECT version FROM "schema_migrations"[0m
  [1m[35m (4.3ms)[0m  INSERT INTO "schema_migrations" (version) VALUES ('20111119180638')
  [1m[36mActiveRecord::SchemaMigration Load (0.1ms)[0m  [1mSELECT "schema_migrations".* FROM "schema_migrations"[0m
Migrating to AddDirectorToMovies (20191022155413)
  [1m[35m (0.1ms)[0m  begin transaction
  [1m[36m (0.4ms)[0m  [1mALTER TABLE "movies" ADD "director" varchar[0m
  [1m[35mSQL (0.1ms)[0m  INSERT INTO "schema_migrations" ("version") VALUES (?)  [["version", "20191022155413"]]
  [1m[36m (5.2ms)[0m  [1mcommit transaction[0m
  [1m[35mActiveRecord::SchemaMigration Load (0.1ms)[0m  SELECT "schema_migrations".* FROM "schema_migrations"
  [1m[36mActiveRecord::SchemaMigration Load (0.1ms)[0m  [1mSELECT "schema_migrations".* FROM "schema_migrations"[0m
  [1m[35mActiveRecord::SchemaMigration Load (0.1ms)[0m  SELECT "schema_migrations".* FROM "schema_migrations"
  [1m[36m (5.0ms)[0m  [1mCREATE TABLE "movies" ("id" INTEGER PRIMARY KEY AUTOINCREMENT NOT NULL, "title" varchar, "rating" varchar, "description" text, "release_date" datetime, "created_at" datetime, "updated_at" datetime, "director" varchar) [0m
  [1m[35m (6.2ms)[0m  CREATE TABLE "schema_migrations" ("version" varchar NOT NULL) 
  [1m[36m (0.1ms)[0m  [1mselect sqlite_version(*)[0m
  [1m[35m (6.1ms)[0m  CREATE UNIQUE INDEX "unique_schema_migrations" ON "schema_migrations" ("version")
  [1m[36m (0.1ms)[0m  [1mSELECT version FROM "schema_migrations"[0m
  [1m[35m (4.6ms)[0m  INSERT INTO "schema_migrations" (version) VALUES ('20191022155413')
  [1m[36m (5.3ms)[0m  [1mINSERT INTO "schema_migrations" (version) VALUES ('20111119180638')[0m


Started GET "/" for 165.91.13.3 at 2019-10-22 16:51:13 +0000


Started GET "/movies" for 165.91.13.3 at 2019-10-22 16:51:14 +0000
Processing by MoviesController#index as HTML
  [1m[36mMovie Load (0.1ms)[0m  [1mSELECT "movies".* FROM "movies" WHERE "movies"."rating" IN ('G', 'PG', 'PG-13', 'NC-17', 'R')[0m
  Rendered movies/index.html.haml within layouts/application (21.3ms)
Completed 200 OK in 347ms (Views: 306.7ms | ActiveRecord: 1.7ms)


Started GET "/assets/application.self-6f9b50b1298248f9ffdfe129ec4b3e377026ffe33aae3e37ecbf3da21d69be77.css?body=1" for 165.91.13.3 at 2019-10-22 16:51:14 +0000


Started GET "/assets/application.self-ac4347b135ab8935f2dd20089f2acc8bec1d6b2ad528a80fcb03cd445dbd4d27.js?body=1" for 165.91.13.3 at 2019-10-22 16:51:14 +0000


Started GET "/assets/jquery_ujs.self-e87806d0cf4489aeb1bb7288016024e8de67fd18db693fe026fe3907581e53cd.js?body=1" for 165.91.13.3 at 2019-10-22 16:51:14 +0000


Started GET "/assets/jquery.self-660adc51e0224b731d29f575a6f1ec167ba08ad06ed5deca4f1e8654c135bf4c.js?body=1" for 165.91.13.3 at 2019-10-22 16:51:14 +0000


Started GET "/movies/new" for 165.91.13.3 at 2019-10-22 16:52:08 +0000
Processing by MoviesController#new as HTML
  Rendered movies/new.html.haml within layouts/application (9.6ms)
Completed 200 OK in 18ms (Views: 17.4ms | ActiveRecord: 0.0ms)


Started POST "/movies" for 165.91.13.3 at 2019-10-22 17:38:27 +0000
Processing by MoviesController#create as HTML
  Parameters: {"utf8"=>"✓", "authenticity_token"=>"rJAAo/cAFuVPhvHT+FIBp12tzNZbg9VL7ZWO/xjWbRI2x4r7fjCDoWLTaq0DcxXMmUQoqTSHa9YyQS/SJz3fUQ==", "movie"=>{"title"=>"Star Wars", "director"=>"George Lucas", "rating"=>"PG", "release_date(1i)"=>"2014", "release_date(2i)"=>"10", "release_date(3i)"=>"22"}, "commit"=>"Save Changes"}
  [1m[35m (0.1ms)[0m  begin transaction
  [1m[36mSQL (0.2ms)[0m  [1mINSERT INTO "movies" ("title", "rating", "director", "release_date", "created_at", "updated_at") VALUES (?, ?, ?, ?, ?, ?)[0m  [["title", "Star Wars"], ["rating", "PG"], ["director", "George Lucas"], ["release_date", "2014-10-22 00:00:00.000000"], ["created_at", "2019-10-22 17:38:27.665845"], ["updated_at", "2019-10-22 17:38:27.665845"]]
  [1m[35m (4.4ms)[0m  commit transaction
Redirected to https://054ed4677b364e68ba49a8e33d34d3c4.vfs.cloud9.us-east-2.amazonaws.com/movies
Completed 302 Found in 16ms (ActiveRecord: 4.9ms)


Started GET "/movies" for 165.91.13.3 at 2019-10-22 17:38:27 +0000
Processing by MoviesController#index as HTML
  [1m[36mMovie Load (0.2ms)[0m  [1mSELECT "movies".* FROM "movies" WHERE "movies"."rating" IN ('G', 'PG', 'PG-13', 'NC-17', 'R')[0m
  Rendered movies/index.html.haml within layouts/application (2.8ms)
Completed 200 OK in 10ms (Views: 9.5ms | ActiveRecord: 0.2ms)


Started GET "/movies/new" for 165.91.13.3 at 2019-10-22 17:39:08 +0000
Processing by MoviesController#new as HTML
  Rendered movies/new.html.haml within layouts/application (9.6ms)
Completed 200 OK in 22ms (Views: 22.1ms | ActiveRecord: 0.0ms)


Started POST "/movies" for 165.91.13.3 at 2019-10-22 17:39:37 +0000
Processing by MoviesController#create as HTML
  Parameters: {"utf8"=>"✓", "authenticity_token"=>"Chvey1PLp+SogFm9THWUNE2wMmNJj5an/v5AHu0OtIGQTFST2vsyoIXVwsO3VIBfiVnWHCaLKDohKuEz0uUGwg==", "movie"=>{"title"=>"Blade Runner", "director"=>"Ridley Scott", "rating"=>"PG", "release_date(1i)"=>"2015", "release_date(2i)"=>"6", "release_date(3i)"=>"25"}, "commit"=>"Save Changes"}
  [1m[35m (0.1ms)[0m  begin transaction
  [1m[36mSQL (0.2ms)[0m  [1mINSERT INTO "movies" ("title", "rating", "director", "release_date", "created_at", "updated_at") VALUES (?, ?, ?, ?, ?, ?)[0m  [["title", "Blade Runner"], ["rating", "PG"], ["director", "Ridley Scott"], ["release_date", "2015-06-25 00:00:00.000000"], ["created_at", "2019-10-22 17:39:37.418317"], ["updated_at", "2019-10-22 17:39:37.418317"]]
  [1m[35m (4.6ms)[0m  commit transaction
Redirected to https://054ed4677b364e68ba49a8e33d34d3c4.vfs.cloud9.us-east-2.amazonaws.com/movies
Completed 302 Found in 9ms (ActiveRecord: 4.8ms)


Started GET "/movies" for 165.91.13.3 at 2019-10-22 17:39:37 +0000
Processing by MoviesController#index as HTML
  [1m[36mMovie Load (0.2ms)[0m  [1mSELECT "movies".* FROM "movies" WHERE "movies"."rating" IN ('G', 'PG', 'PG-13', 'NC-17', 'R')[0m
  Rendered movies/index.html.haml within layouts/application (3.6ms)
Completed 200 OK in 19ms (Views: 17.5ms | ActiveRecord: 0.2ms)


Started GET "/movies/new" for 165.91.13.3 at 2019-10-22 17:39:48 +0000
Processing by MoviesController#new as HTML
  Rendered movies/new.html.haml within layouts/application (6.5ms)
Completed 200 OK in 20ms (Views: 19.5ms | ActiveRecord: 0.0ms)


Started POST "/movies" for 165.91.13.3 at 2019-10-22 17:40:03 +0000
Processing by MoviesController#create as HTML
  Parameters: {"utf8"=>"✓", "authenticity_token"=>"RaV8CzEgp3iNzvhcYxx20WufZzm85zN5fyYT+o2RsLTf8vZTuBAyPKCbYyKYPWK6r3aDRtPjjeSg8rLXsnoC9w==", "movie"=>{"title"=>"Alien", "director"=>"", "rating"=>"R", "release_date(1i)"=>"2016", "release_date(2i)"=>"5", "release_date(3i)"=>"25"}, "commit"=>"Save Changes"}
  [1m[35m (0.1ms)[0m  begin transaction
  [1m[36mSQL (0.2ms)[0m  [1mINSERT INTO "movies" ("title", "rating", "director", "release_date", "created_at", "updated_at") VALUES (?, ?, ?, ?, ?, ?)[0m  [["title", "Alien"], ["rating", "R"], ["director", ""], ["release_date", "2016-05-25 00:00:00.000000"], ["created_at", "2019-10-22 17:40:03.511636"], ["updated_at", "2019-10-22 17:40:03.511636"]]
  [1m[35m (5.5ms)[0m  commit transaction
Redirected to https://054ed4677b364e68ba49a8e33d34d3c4.vfs.cloud9.us-east-2.amazonaws.com/movies
Completed 302 Found in 10ms (ActiveRecord: 5.7ms)


Started GET "/movies" for 165.91.13.3 at 2019-10-22 17:40:03 +0000
Processing by MoviesController#index as HTML
  [1m[36mMovie Load (0.2ms)[0m  [1mSELECT "movies".* FROM "movies" WHERE "movies"."rating" IN ('G', 'PG', 'PG-13', 'NC-17', 'R')[0m
  Rendered movies/index.html.haml within layouts/application (4.1ms)
Completed 200 OK in 17ms (Views: 15.2ms | ActiveRecord: 0.2ms)


Started GET "/movies/new" for 165.91.13.3 at 2019-10-22 17:40:10 +0000
Processing by MoviesController#new as HTML
  Rendered movies/new.html.haml within layouts/application (3.0ms)
Completed 200 OK in 14ms (Views: 13.4ms | ActiveRecord: 0.0ms)


Started POST "/movies" for 165.91.13.3 at 2019-10-22 17:40:34 +0000
Processing by MoviesController#create as HTML
  Parameters: {"utf8"=>"✓", "authenticity_token"=>"WBYpm4Q2zHhDBbTU7nNqVdn73sxcUBJVuv/JCz9onJrCQaPDDQZZPG5QL6oVUn4+HRI6szNUrMhlK2gmAIMu2Q==", "movie"=>{"title"=>"THX-1138", "director"=>"George Lucas", "rating"=>"R", "release_date(1i)"=>"2019", "release_date(2i)"=>"3", "release_date(3i)"=>"11"}, "commit"=>"Save Changes"}
  [1m[35m (0.1ms)[0m  begin transaction
  [1m[36mSQL (0.2ms)[0m  [1mINSERT INTO "movies" ("title", "rating", "director", "release_date", "created_at", "updated_at") VALUES (?, ?, ?, ?, ?, ?)[0m  [["title", "THX-1138"], ["rating", "R"], ["director", "George Lucas"], ["release_date", "2019-03-11 00:00:00.000000"], ["created_at", "2019-10-22 17:40:34.796801"], ["updated_at", "2019-10-22 17:40:34.796801"]]
  [1m[35m (5.7ms)[0m  commit transaction
Redirected to https://054ed4677b364e68ba49a8e33d34d3c4.vfs.cloud9.us-east-2.amazonaws.com/movies
Completed 302 Found in 8ms (ActiveRecord: 5.9ms)


Started GET "/movies" for 165.91.13.3 at 2019-10-22 17:40:34 +0000
Processing by MoviesController#index as HTML
  [1m[36mMovie Load (0.2ms)[0m  [1mSELECT "movies".* FROM "movies" WHERE "movies"."rating" IN ('G', 'PG', 'PG-13', 'NC-17', 'R')[0m
  Rendered movies/index.html.haml within layouts/application (2.3ms)
Completed 200 OK in 9ms (Views: 8.3ms | ActiveRecord: 0.2ms)


Started GET "/movies/1" for 165.91.13.3 at 2019-10-22 17:40:54 +0000
Processing by MoviesController#show as HTML
  Parameters: {"id"=>"1"}
  [1m[35mMovie Load (0.2ms)[0m  SELECT  "movies".* FROM "movies" WHERE "movies"."id" = ? LIMIT 1  [["id", 1]]
  Rendered movies/show.html.haml within layouts/application (2.6ms)
Completed 200 OK in 11ms (Views: 9.4ms | ActiveRecord: 0.2ms)


Started GET "/movies/1/with_same_director" for 165.91.13.3 at 2019-10-22 17:40:58 +0000
Processing by MoviesController#with_same_director as HTML
  Parameters: {"movie_id"=>"1"}
  [1m[36mMovie Load (0.1ms)[0m  [1mSELECT  "movies".* FROM "movies" WHERE "movies"."id" = ? LIMIT 1[0m  [["id", 1]]
  Rendered movies/with_same_director.haml within layouts/application (4.6ms)
Completed 500 Internal Server Error in 7ms (ActiveRecord: 0.1ms)

ActionView::Template::Error (undefined method `each' for nil:NilClass):
     8:       %th Release Date
     9:       %th More Info
    10:   %tbody
    11:     - @movies.each do |movie|
    12:       %tr
    13:         %td= movie.title 
    14:         %td= movie.rating
  app/views/movies/with_same_director.haml:11:in `_app_views_movies_with_same_director_haml__3077828486937343751_70192225748740'


  Rendered /home/ec2-user/.rvm/gems/ruby-2.4.0/gems/actionpack-4.2.10/lib/action_dispatch/middleware/templates/rescues/_source.erb (5.2ms)
  Rendered /home/ec2-user/.rvm/gems/ruby-2.4.0/gems/actionpack-4.2.10/lib/action_dispatch/middleware/templates/rescues/_trace.html.erb (2.1ms)
  Rendered /home/ec2-user/.rvm/gems/ruby-2.4.0/gems/actionpack-4.2.10/lib/action_dispatch/middleware/templates/rescues/_request_and_response.html.erb (1.0ms)
  Rendered /home/ec2-user/.rvm/gems/ruby-2.4.0/gems/actionpack-4.2.10/lib/action_dispatch/middleware/templates/rescues/template_error.html.erb within rescues/layout (23.1ms)


Started GET "/" for 165.91.13.3 at 2019-10-22 17:44:07 +0000


Started GET "/movies" for 165.91.13.3 at 2019-10-22 17:44:07 +0000
Processing by MoviesController#index as HTML
  [1m[36mMovie Load (0.2ms)[0m  [1mSELECT "movies".* FROM "movies" WHERE "movies"."rating" IN ('G', 'PG', 'PG-13', 'NC-17', 'R')[0m
  Rendered movies/index.html.haml within layouts/application (35.7ms)
Completed 200 OK in 194ms (Views: 162.8ms | ActiveRecord: 2.3ms)


Started GET "/movies/1" for 165.91.13.3 at 2019-10-22 17:44:13 +0000
Processing by MoviesController#show as HTML
  Parameters: {"id"=>"1"}
  [1m[35mMovie Load (0.2ms)[0m  SELECT  "movies".* FROM "movies" WHERE "movies"."id" = ? LIMIT 1  [["id", 1]]
  Rendered movies/show.html.haml within layouts/application (2.4ms)
Completed 200 OK in 12ms (Views: 9.2ms | ActiveRecord: 0.2ms)


Started GET "/movies/1" for 165.91.13.3 at 2019-10-22 17:45:24 +0000
Processing by MoviesController#show as HTML
  Parameters: {"id"=>"1"}
  [1m[36mMovie Load (0.1ms)[0m  [1mSELECT  "movies".* FROM "movies" WHERE "movies"."id" = ? LIMIT 1[0m  [["id", 1]]
  Rendered movies/show.html.haml within layouts/application (2.6ms)
Completed 200 OK in 10ms (Views: 9.5ms | ActiveRecord: 0.1ms)


Started GET "/movies/1/with_same_director" for 165.91.13.3 at 2019-10-22 17:46:18 +0000
Processing by MoviesController#with_same_director as HTML
  Parameters: {"movie_id"=>"1"}
  [1m[35mMovie Load (0.1ms)[0m  SELECT  "movies".* FROM "movies" WHERE "movies"."id" = ? LIMIT 1  [["id", 1]]
  [1m[36mMovie Load (0.2ms)[0m  [1mSELECT "movies".* FROM "movies" WHERE "movies"."director" = ?[0m  [["director", "George Lucas"]]
  Rendered movies/with_same_director.haml within layouts/application (2.8ms)
Completed 200 OK in 12ms (Views: 10.4ms | ActiveRecord: 0.2ms)


Started GET "/movies" for 165.91.13.3 at 2019-10-22 17:46:24 +0000
Processing by MoviesController#index as HTML
  [1m[35mMovie Load (0.2ms)[0m  SELECT "movies".* FROM "movies" WHERE "movies"."rating" IN ('G', 'PG', 'PG-13', 'NC-17', 'R')
  Rendered movies/index.html.haml within layouts/application (2.9ms)
Completed 200 OK in 26ms (Views: 24.7ms | ActiveRecord: 0.2ms)


Started GET "/movies/3" for 165.91.13.3 at 2019-10-22 17:47:01 +0000
Processing by MoviesController#show as HTML
  Parameters: {"id"=>"3"}
  [1m[36mMovie Load (0.1ms)[0m  [1mSELECT  "movies".* FROM "movies" WHERE "movies"."id" = ? LIMIT 1[0m  [["id", 3]]
  Rendered movies/show.html.haml within layouts/application (0.9ms)
Completed 200 OK in 9ms (Views: 7.9ms | ActiveRecord: 0.1ms)


Started GET "/movies/3/with_same_director" for 165.91.13.3 at 2019-10-22 17:47:16 +0000
Processing by MoviesController#with_same_director as HTML
  Parameters: {"movie_id"=>"3"}
  [1m[35mMovie Load (0.1ms)[0m  SELECT  "movies".* FROM "movies" WHERE "movies"."id" = ? LIMIT 1  [["id", 3]]
Redirected to https://054ed4677b364e68ba49a8e33d34d3c4.vfs.cloud9.us-east-2.amazonaws.com/movies
Completed 302 Found in 2ms (ActiveRecord: 0.1ms)


Started GET "/movies" for 165.91.13.3 at 2019-10-22 17:47:16 +0000
Processing by MoviesController#index as HTML
  [1m[36mMovie Load (0.2ms)[0m  [1mSELECT "movies".* FROM "movies" WHERE "movies"."rating" IN ('G', 'PG', 'PG-13', 'NC-17', 'R')[0m
  Rendered movies/index.html.haml within layouts/application (2.9ms)
Completed 200 OK in 11ms (Views: 10.1ms | ActiveRecord: 0.2ms)


Started GET "/" for 165.91.13.3 at 2019-10-22 18:36:30 +0000


Started GET "/movies" for 165.91.13.3 at 2019-10-22 18:36:30 +0000
Processing by MoviesController#index as HTML
  [1m[36mMovie Load (0.1ms)[0m  [1mSELECT "movies".* FROM "movies" WHERE "movies"."rating" IN ('G', 'PG', 'PG-13', 'NC-17', 'R')[0m
  Rendered movies/index.html.haml within layouts/application (14.7ms)
Completed 200 OK in 161ms (Views: 135.1ms | ActiveRecord: 1.3ms)


Started GET "/movies/3" for 165.91.13.3 at 2019-10-22 18:36:36 +0000
Processing by MoviesController#show as HTML
  Parameters: {"id"=>"3"}
  [1m[35mMovie Load (0.2ms)[0m  SELECT  "movies".* FROM "movies" WHERE "movies"."id" = ? LIMIT 1  [["id", 3]]
  Rendered movies/show.html.haml within layouts/application (4.5ms)
Completed 200 OK in 16ms (Views: 13.5ms | ActiveRecord: 0.2ms)


Started GET "/movies/3/edit" for 165.91.13.3 at 2019-10-22 18:36:40 +0000
Processing by MoviesController#edit as HTML
  Parameters: {"id"=>"3"}
  [1m[36mMovie Load (0.1ms)[0m  [1mSELECT  "movies".* FROM "movies" WHERE "movies"."id" = ? LIMIT 1[0m  [["id", 3]]
  Rendered movies/edit.html.haml within layouts/application (9.8ms)
Completed 200 OK in 17ms (Views: 16.5ms | ActiveRecord: 0.1ms)


Started PUT "/movies/3" for 165.91.13.3 at 2019-10-22 18:37:56 +0000
Processing by MoviesController#update as HTML
  Parameters: {"utf8"=>"✓", "authenticity_token"=>"uQDWj4n3zF3Bpe5BC0QdZ147dHmyqKCDSYrWsW1ndOkjV1zXAMdZGezwdT/wZQkMmtKQBt2sHh6WXnecUozGqg==", "movie"=>{"title"=>"Alien", "director"=>"Ridley Scott", "rating"=>"R", "release_date(1i)"=>"2016", "release_date(2i)"=>"5", "release_date(3i)"=>"25"}, "commit"=>"Update Movie Info", "id"=>"3"}
  [1m[35mMovie Load (0.1ms)[0m  SELECT  "movies".* FROM "movies" WHERE "movies"."id" = ? LIMIT 1  [["id", 3]]
  [1m[36m (0.1ms)[0m  [1mbegin transaction[0m
  [1m[35mSQL (0.6ms)[0m  UPDATE "movies" SET "director" = ?, "updated_at" = ? WHERE "movies"."id" = ?  [["director", "Ridley Scott"], ["updated_at", "2019-10-22 18:37:56.843256"], ["id", 3]]
  [1m[36m (5.2ms)[0m  [1mcommit transaction[0m
Redirected to https://054ed4677b364e68ba49a8e33d34d3c4.vfs.cloud9.us-east-2.amazonaws.com/movies/3
Completed 302 Found in 11ms (ActiveRecord: 5.9ms)


Started GET "/movies/3" for 165.91.13.3 at 2019-10-22 18:37:56 +0000
Processing by MoviesController#show as HTML
  Parameters: {"id"=>"3"}
  [1m[35mMovie Load (0.1ms)[0m  SELECT  "movies".* FROM "movies" WHERE "movies"."id" = ? LIMIT 1  [["id", 3]]
  Rendered movies/show.html.haml within layouts/application (0.9ms)
Completed 200 OK in 9ms (Views: 7.8ms | ActiveRecord: 0.1ms)


Started GET "/movies" for 165.91.13.3 at 2019-10-22 18:38:01 +0000
Processing by MoviesController#index as HTML
  [1m[36mMovie Load (0.2ms)[0m  [1mSELECT "movies".* FROM "movies" WHERE "movies"."rating" IN ('G', 'PG', 'PG-13', 'NC-17', 'R')[0m
  Rendered movies/index.html.haml within layouts/application (18.9ms)
Completed 200 OK in 27ms (Views: 26.5ms | ActiveRecord: 0.2ms)


Started GET "/movies/3" for 165.91.13.3 at 2019-10-22 18:38:04 +0000
Processing by MoviesController#show as HTML
  Parameters: {"id"=>"3"}
  [1m[35mMovie Load (0.1ms)[0m  SELECT  "movies".* FROM "movies" WHERE "movies"."id" = ? LIMIT 1  [["id", 3]]
  Rendered movies/show.html.haml within layouts/application (1.0ms)
Completed 200 OK in 9ms (Views: 7.9ms | ActiveRecord: 0.1ms)


Started GET "/movies/3/edit" for 165.91.13.3 at 2019-10-22 18:38:06 +0000
Processing by MoviesController#edit as HTML
  Parameters: {"id"=>"3"}
  [1m[36mMovie Load (0.1ms)[0m  [1mSELECT  "movies".* FROM "movies" WHERE "movies"."id" = ? LIMIT 1[0m  [["id", 3]]
  Rendered movies/edit.html.haml within layouts/application (3.0ms)
Completed 200 OK in 11ms (Views: 10.3ms | ActiveRecord: 0.1ms)


Started PUT "/movies/3" for 165.91.13.3 at 2019-10-22 18:38:09 +0000
Processing by MoviesController#update as HTML
  Parameters: {"utf8"=>"✓", "authenticity_token"=>"ANlcuT11dwwrdiCI5LXOhPQhEKc0Gr3ntIAX5V4EQVCajtbhtEXiSAYju/YflNrvMMj02FseA3prVLbIYe/zEw==", "movie"=>{"title"=>"Alien", "director"=>"", "rating"=>"R", "release_date(1i)"=>"2016", "release_date(2i)"=>"5", "release_date(3i)"=>"25"}, "commit"=>"Update Movie Info", "id"=>"3"}
  [1m[35mMovie Load (0.1ms)[0m  SELECT  "movies".* FROM "movies" WHERE "movies"."id" = ? LIMIT 1  [["id", 3]]
  [1m[36m (0.1ms)[0m  [1mbegin transaction[0m
  [1m[35mSQL (0.3ms)[0m  UPDATE "movies" SET "director" = ?, "updated_at" = ? WHERE "movies"."id" = ?  [["director", ""], ["updated_at", "2019-10-22 18:38:09.591021"], ["id", 3]]
  [1m[36m (4.2ms)[0m  [1mcommit transaction[0m
Redirected to https://054ed4677b364e68ba49a8e33d34d3c4.vfs.cloud9.us-east-2.amazonaws.com/movies/3
Completed 302 Found in 9ms (ActiveRecord: 4.6ms)


Started GET "/movies/3" for 165.91.13.3 at 2019-10-22 18:38:09 +0000
Processing by MoviesController#show as HTML
  Parameters: {"id"=>"3"}
  [1m[35mMovie Load (0.1ms)[0m  SELECT  "movies".* FROM "movies" WHERE "movies"."id" = ? LIMIT 1  [["id", 3]]
  Rendered movies/show.html.haml within layouts/application (1.0ms)
Completed 200 OK in 10ms (Views: 9.1ms | ActiveRecord: 0.1ms)
